INFO 2023-08-29 20:34:45,793 autoreload 15416 29840 Watching for file changes with StatReloader
INFO 2023-08-29 20:34:50,752 autoreload 3788 32956 Watching for file changes with StatReloader
INFO 2023-08-29 20:35:03,599 basehttp 3788 24880 "GET /heads/ HTTP/1.1" 200 5
INFO 2023-08-29 20:35:04,159 basehttp 3788 24880 "GET /heads/ HTTP/1.1" 200 5
INFO 2023-08-29 20:35:04,573 basehttp 3788 24880 "GET /heads/ HTTP/1.1" 200 5
INFO 2023-08-29 20:35:04,866 basehttp 3788 24880 "GET /heads/ HTTP/1.1" 200 5
INFO 2023-08-29 20:35:11,842 basehttp 3788 24880 "GET /cub/ HTTP/1.1" 200 1
INFO 2023-08-29 20:35:14,032 basehttp 3788 24880 "GET /cub/ HTTP/1.1" 200 1
INFO 2023-08-29 20:35:14,312 basehttp 3788 24880 "GET /cub/ HTTP/1.1" 200 1
INFO 2023-08-29 20:35:14,543 basehttp 3788 24880 "GET /cub/ HTTP/1.1" 200 1
INFO 2023-08-29 20:35:14,759 basehttp 3788 24880 "GET /cub/ HTTP/1.1" 200 1
INFO 2023-08-29 20:35:21,618 basehttp 3788 24880 "GET /number/ HTTP/1.1" 200 2
INFO 2023-08-29 20:35:23,583 basehttp 3788 24880 "GET /number/ HTTP/1.1" 200 2
INFO 2023-08-29 20:35:23,767 basehttp 3788 24880 "GET /number/ HTTP/1.1" 200 2
INFO 2023-08-29 20:35:23,944 basehttp 3788 24880 "GET /number/ HTTP/1.1" 200 2
INFO 2023-08-29 20:35:24,128 basehttp 3788 24880 "GET /number/ HTTP/1.1" 200 2
INFO 2023-08-29 20:35:24,303 basehttp 3788 24880 "GET /number/ HTTP/1.1" 200 1
INFO 2023-08-29 20:35:24,479 basehttp 3788 24880 "GET /number/ HTTP/1.1" 200 2
INFO 2023-08-29 20:35:24,654 basehttp 3788 24880 "GET /number/ HTTP/1.1" 200 2
INFO 2023-08-29 20:35:24,822 basehttp 3788 24880 "GET /number/ HTTP/1.1" 200 2
INFO 2023-08-29 20:47:18,971 autoreload 16260 27584 Watching for file changes with StatReloader
INFO 2023-08-29 20:47:42,015 basehttp 16260 29512 "GET /hw/site HTTP/1.1" 200 285
WARNING 2023-08-29 20:47:51,168 log 16260 29512 Forbidden (CSRF cookie not set.): /hw/site
WARNING 2023-08-29 20:47:51,169 basehttp 16260 29512 "POST /hw/site HTTP/1.1" 403 2870
INFO 2023-08-29 20:50:06,526 autoreload 16260 27584 C:\Users\79190\pythonProject\FrameworkDjango_2\hw1_app\views.py changed, reloading.
INFO 2023-08-29 20:50:07,062 autoreload 20856 1716 Watching for file changes with StatReloader
INFO 2023-08-29 20:50:09,652 basehttp 20856 30192 "GET /hw/site HTTP/1.1" 200 126
INFO 2023-08-29 20:50:51,671 autoreload 20856 1716 C:\Users\79190\pythonProject\FrameworkDjango_2\hw1_app\views.py changed, reloading.
INFO 2023-08-29 20:50:52,173 autoreload 35708 1436 Watching for file changes with StatReloader
INFO 2023-08-29 20:52:31,342 autoreload 35708 1436 C:\Users\79190\pythonProject\FrameworkDjango_2\hw1_app\views.py changed, reloading.
INFO 2023-08-29 20:52:31,860 autoreload 21696 7524 Watching for file changes with StatReloader
INFO 2023-08-29 20:52:38,915 basehttp 21696 32584 "GET /hw/site HTTP/1.1" 200 572
WARNING 2023-08-29 20:52:41,877 log 21696 32584 Not Found: /about/
WARNING 2023-08-29 20:52:41,877 basehttp 21696 32584 "GET /about/ HTTP/1.1" 404 2861
INFO 2023-08-29 20:54:51,940 autoreload 21696 7524 C:\Users\79190\pythonProject\FrameworkDjango_2\hw1_app\urls.py changed, reloading.
INFO 2023-08-29 20:54:52,481 autoreload 31096 15296 Watching for file changes with StatReloader
INFO 2023-08-29 20:55:04,338 basehttp 31096 15380 "GET /hw/site HTTP/1.1" 301 0
INFO 2023-08-29 20:55:04,344 basehttp 31096 4580 "GET /hw/site/ HTTP/1.1" 200 572
WARNING 2023-08-29 20:55:07,256 log 31096 4580 Not Found: /about/
WARNING 2023-08-29 20:55:07,257 basehttp 31096 4580 "GET /about/ HTTP/1.1" 404 2861
INFO 2023-08-29 20:55:23,467 basehttp 31096 4580 "GET /hw/about/ HTTP/1.1" 200 130
INFO 2023-08-29 20:55:47,396 autoreload 31096 15296 C:\Users\79190\pythonProject\FrameworkDjango_2\hw1_app\views.py changed, reloading.
INFO 2023-08-29 20:55:47,937 autoreload 33224 35568 Watching for file changes with StatReloader
INFO 2023-08-29 20:55:58,806 basehttp 33224 35184 "GET /hw/site/ HTTP/1.1" 200 575
INFO 2023-08-29 20:56:02,129 basehttp 33224 35184 "GET /hw/about/ HTTP/1.1" 200 130
INFO 2023-08-29 20:56:43,804 autoreload 33224 35568 C:\Users\79190\pythonProject\FrameworkDjango_2\hw1_app\views.py changed, reloading.
INFO 2023-08-29 20:56:44,304 autoreload 29124 8420 Watching for file changes with StatReloader
INFO 2023-08-29 20:57:44,502 autoreload 29124 8420 C:\Users\79190\pythonProject\FrameworkDjango_2\hw1_app\views.py changed, reloading.
INFO 2023-08-29 20:57:45,003 autoreload 32432 23056 Watching for file changes with StatReloader
INFO 2023-08-29 20:59:03,807 autoreload 32432 23056 C:\Users\79190\pythonProject\FrameworkDjango_2\hw1_app\views.py changed, reloading.
INFO 2023-08-29 20:59:04,314 autoreload 31324 34500 Watching for file changes with StatReloader
INFO 2023-08-29 21:01:06,965 autoreload 31324 34500 C:\Users\79190\pythonProject\FrameworkDjango_2\hw1_app\views.py changed, reloading.
INFO 2023-08-29 21:01:07,454 autoreload 26872 13224 Watching for file changes with StatReloader
INFO 2023-08-29 21:01:11,825 basehttp 26872 25968 "GET /hw/site/ HTTP/1.1" 200 587
INFO 2023-08-29 21:01:15,956 basehttp 26872 25968 "GET /hw/about/ HTTP/1.1" 200 190
WARNING 2023-08-29 21:01:19,076 log 26872 25968 Not Found: /contacts/
WARNING 2023-08-29 21:01:19,077 basehttp 26872 25968 "GET /contacts/ HTTP/1.1" 404 2870
INFO 2023-08-29 21:02:03,412 autoreload 26872 13224 C:\Users\79190\pythonProject\FrameworkDjango_2\hw1_app\urls.py changed, reloading.
INFO 2023-08-29 21:02:03,905 autoreload 27128 29156 Watching for file changes with StatReloader
INFO 2023-08-29 21:02:09,493 basehttp 27128 15148 "GET /hw/site/ HTTP/1.1" 200 587
INFO 2023-08-29 21:02:10,512 basehttp 27128 15148 "GET /hw/site/ HTTP/1.1" 200 587
INFO 2023-08-29 21:02:11,484 basehttp 27128 15148 "GET /hw/about/ HTTP/1.1" 200 190
WARNING 2023-08-29 21:02:14,765 log 27128 15148 Not Found: /contacts/
WARNING 2023-08-29 21:02:14,766 basehttp 27128 15148 "GET /contacts/ HTTP/1.1" 404 2870
INFO 2023-08-29 21:03:56,134 autoreload 27128 29156 C:\Users\79190\pythonProject\FrameworkDjango_2\hw1_app\views.py changed, reloading.
INFO 2023-08-29 21:03:56,641 autoreload 10160 29276 Watching for file changes with StatReloader
INFO 2023-08-29 21:04:07,165 basehttp 10160 17644 "GET /hw/site/ HTTP/1.1" 200 593
INFO 2023-08-29 21:04:09,267 basehttp 10160 17644 "GET /hw/about/ HTTP/1.1" 200 190
INFO 2023-08-29 21:04:12,554 basehttp 10160 17644 "GET /hw/site/ HTTP/1.1" 200 593
INFO 2023-08-29 21:04:14,059 basehttp 10160 17644 "GET /hw/site/ HTTP/1.1" 200 593
INFO 2023-08-29 21:04:15,946 basehttp 10160 17644 "GET /hw/contacts/ HTTP/1.1" 200 222
INFO 2023-08-29 21:04:18,737 basehttp 10160 17644 "GET /hw/site/ HTTP/1.1" 200 593
INFO 2023-08-29 21:04:22,010 basehttp 10160 17644 "GET /hw/contacts/ HTTP/1.1" 200 222
INFO 2023-08-29 21:04:24,010 basehttp 10160 17644 "GET /hw/site/ HTTP/1.1" 200 593
INFO 2023-08-29 21:04:25,131 basehttp 10160 17644 "GET /hw/about/ HTTP/1.1" 200 190
INFO 2023-08-29 21:05:06,983 autoreload 10160 29276 C:\Users\79190\pythonProject\FrameworkDjango_2\hw1_app\views.py changed, reloading.
INFO 2023-08-29 21:05:07,478 autoreload 32548 7004 Watching for file changes with StatReloader
INFO 2023-08-29 21:05:11,116 basehttp 32548 7348 "GET /hw/site/ HTTP/1.1" 200 593
INFO 2023-08-29 21:05:12,313 basehttp 32548 7348 "GET /hw/site/ HTTP/1.1" 200 593
INFO 2023-08-29 21:05:13,706 basehttp 32548 7348 "GET /hw/about/ HTTP/1.1" 200 288
INFO 2023-08-29 21:05:15,107 basehttp 32548 7348 "GET /hw/site/ HTTP/1.1" 200 593
INFO 2023-08-29 21:05:16,881 basehttp 32548 7348 "GET /hw/contacts/ HTTP/1.1" 200 222
INFO 2023-08-29 21:05:20,513 basehttp 32548 7348 "GET /hw/site/ HTTP/1.1" 200 593
INFO 2023-08-29 21:05:21,258 basehttp 32548 7348 "GET /hw/about/ HTTP/1.1" 200 288
INFO 2023-08-29 21:05:22,081 basehttp 32548 7348 "GET /hw/site/ HTTP/1.1" 200 593
INFO 2023-08-29 21:05:22,639 basehttp 32548 7348 "GET /hw/site/ HTTP/1.1" 200 593
INFO 2023-08-29 21:05:23,359 basehttp 32548 7348 "GET /hw/site/ HTTP/1.1" 200 593
INFO 2023-08-29 21:05:24,050 basehttp 32548 7348 "GET /hw/about/ HTTP/1.1" 200 288
INFO 2023-08-29 21:05:24,906 basehttp 32548 7348 "GET /hw/site/ HTTP/1.1" 200 593
INFO 2023-08-29 21:05:25,721 basehttp 32548 7348 "GET /hw/contacts/ HTTP/1.1" 200 222
INFO 2023-08-29 21:05:27,115 basehttp 32548 7348 "GET /hw/site/ HTTP/1.1" 200 593
INFO 2023-08-29 21:07:17,381 autoreload 32548 7004 C:\Users\79190\pythonProject\FrameworkDjango_2\hw1_app\views.py changed, reloading.
INFO 2023-08-29 21:07:17,927 autoreload 33096 31024 Watching for file changes with StatReloader
INFO 2023-08-29 21:08:28,446 autoreload 33096 31024 C:\Users\79190\pythonProject\FrameworkDjango_2\hw1_app\views.py changed, reloading.
INFO 2023-08-29 21:08:28,981 autoreload 28192 19564 Watching for file changes with StatReloader
INFO 2023-08-29 21:11:01,882 autoreload 28192 19564 C:\Users\79190\pythonProject\FrameworkDjango_2\my_project\settings.py changed, reloading.
INFO 2023-08-29 21:11:02,387 autoreload 30384 33140 Watching for file changes with StatReloader
INFO 2023-08-29 21:11:08,345 basehttp 30384 30776 "GET /hw/site/ HTTP/1.1" 200 593
INFO 2023-08-29 21:11:09,550 basehttp 30384 30776 "GET /hw/site/ HTTP/1.1" 200 593
INFO 2023-08-29 21:11:10,294 basehttp 30384 30776 "GET /hw/about/ HTTP/1.1" 200 288
INFO 2023-08-29 21:11:11,805 basehttp 30384 30776 "GET /hw/site/ HTTP/1.1" 200 593
INFO 2023-08-29 21:11:12,597 basehttp 30384 30776 "GET /hw/contacts/ HTTP/1.1" 200 227
INFO 2023-08-29 21:11:13,959 basehttp 30384 30776 "GET /hw/site/ HTTP/1.1" 200 593
INFO 2023-08-29 21:11:14,846 basehttp 30384 30776 "GET /hw/about/ HTTP/1.1" 200 288
INFO 2023-08-29 21:11:15,974 basehttp 30384 30776 "GET /hw/about/ HTTP/1.1" 200 288
INFO 2023-08-29 21:11:16,919 basehttp 30384 30776 "GET /hw/site/ HTTP/1.1" 200 593
INFO 2023-08-29 21:11:17,624 basehttp 30384 30776 "GET /hw/site/ HTTP/1.1" 200 593
INFO 2023-08-29 21:11:19,473 basehttp 30384 30776 "GET /hw/contacts/ HTTP/1.1" 200 227
INFO 2023-08-29 21:11:20,381 basehttp 30384 30776 "GET /hw/site/ HTTP/1.1" 200 593
INFO 2023-08-29 21:11:21,246 basehttp 30384 30776 "GET /hw/contacts/ HTTP/1.1" 200 227
INFO 2023-08-29 21:11:22,309 basehttp 30384 30776 "GET /hw/contacts/ HTTP/1.1" 200 227
INFO 2023-08-29 21:11:23,071 basehttp 30384 30776 "GET /hw/site/ HTTP/1.1" 200 593
INFO 2023-08-29 21:15:16,945 autoreload 9692 22216 Watching for file changes with StatReloader
INFO 2023-08-29 21:15:17,119 basehttp 9692 19148 "GET /hw/site/ HTTP/1.1" 200 593
INFO 2023-08-29 21:15:22,034 basehttp 9692 19148 "GET /hw/site/ HTTP/1.1" 200 593
INFO 2023-08-29 21:15:39,533 basehttp 9692 19148 "GET /hw/about/ HTTP/1.1" 200 288
INFO 2023-08-29 21:15:42,037 basehttp 9692 19148 "GET /hw/site/ HTTP/1.1" 200 593
INFO 2023-08-29 21:15:43,141 basehttp 9692 19148 "GET /hw/contacts/ HTTP/1.1" 200 227
INFO 2023-08-29 21:15:45,260 basehttp 9692 19148 "GET /hw/site/ HTTP/1.1" 200 593
